<?xml version="1.0" encoding="UTF-8"?>
<testng-results skipped="0" failed="0" ignored="0" total="1" passed="1">
  <reporter-output>
  </reporter-output>
  <suite name="test_1" duration-ms="106440" started-at="2018-03-02T01:15:52Z" finished-at="2018-03-02T01:17:38Z">
    <groups>
    </groups>
    <test name="Test1" duration-ms="106440" started-at="2018-03-02T01:15:52Z" finished-at="2018-03-02T01:17:38Z">
      <class name="progressive_test.ProgressiveInsurance_maven.ProgressiveInsurance_run">
        <test-method status="PASS" signature="homepage()[pri:0, instance:progressive_test.ProgressiveInsurance_maven.ProgressiveInsurance_run@25359ed8]" name="homepage" duration-ms="106411" started-at="2018-03-01T20:15:52Z" finished-at="2018-03-01T20:17:38Z">
          <reporter-output>
          </reporter-output>
        </test-method> <!-- homepage -->
      </class> <!-- progressive_test.ProgressiveInsurance_maven.ProgressiveInsurance_run -->
    </test> <!-- Test1 -->
  </suite> <!-- test_1 -->
</testng-results>
